{
  "timestamp": "2025-07-11T08:36:59.796348+00:00",
  "total_tests": 6,
  "passed_tests": 2,
  "failed_tests": 4,
  "success_rate": 33.33333333333333,
  "results": {
    "accessibility": {
      "passed": true,
      "output": "[TEST] TEST IMPLEMENTATIVI FINALI - ACCESSIBILITÀ\n================================================================================\n\n[TEST] INTERFACCIA VOCALE FALLBACK PER UTENTI CIECHI\n============================================================\n\n[TEST] Test 1: Endpoint vocale con feedback audio\nEndpoint vocali disponibili:\n  • POST /api/v1/voice/commands\n  • POST /api/v1/voice/commands/audio\n  • GET /api/v1/voice/logs\n  • GET /api/v1/voice/statuses\n  [OK] audio_feedback: disponibile\n  [OK] text_to_speech: disponibile\n  [OK] voice_navigation: disponibile\n  [OK] audio_confirmation: disponibile\n[OK] Test 1: Endpoint vocale con feedback audio - PASSATO\n\n[TEST] Test 2: Fallback per errori di riconoscimento vocale\n  • input_testuale_alternativo\n  • menu_numerico_audio\n  • comandi_semplici_ripetuti\n  • assistenza_umana_disponibile\n[OK] Test 2: Fallback per errori di riconoscimento vocale - PASSATO\n\n[TEST] Test 3: Navigazione vocale completa\n  • annuncio_pagina_corrente\n  • lettura_menu_opzioni\n  • conferma_azioni_importanti\n  • feedback_stato_sistema\n  • lettura_errori_dettagliata\n[OK] Test 3: Navigazione vocale completa - PASSATO\n\n[TEST] Test 4: Compatibilità screen reader\n  [OK] aria_labels: supportato\n  [OK] semantic_markup: supportato\n  [OK] focus_management: supportato\n  [OK] live_regions: supportato\n  [OK] skip_links: supportato\n[OK] Test 4: Compatibilità screen reader - PASSATO\n\n[OK] TEST INTERFACCIA VOCALE FALLBACK COMPLETATO!\n\n[SUMMARY] RIEPILOGO ACCESSIBILITÀ UTENTI CIECHI:\n- Endpoint vocali con feedback audio implementati\n- Fallback per errori di riconoscimento disponibili\n- Navigazione vocale completa supportata\n- Compatibilità screen reader garantita\n- Aria labels e semantic markup implementati\n\n[TEST] INPUT MANUALE E FEEDBACK VISIVO PER UTENTI SORDI\n============================================================\n\n[TEST] Test 1: Input testuale alternativo\n  • campo_testo_comandi\n  • suggerimenti_autocompletamento\n  • validazione_tempo_reale\n  • correzione_errori_automatica\n[OK] Test 1: Input testuale alternativo - PASSATO\n\n[TEST] Test 2: Feedback visivo completo\n  [OK] indicatori_stato: disponibile\n  [OK] animazioni_conferma: disponibile\n  [OK] colori_semantici: disponibile\n  [OK] icone_chiare: disponibile\n  [OK] messaggi_visivi: disponibile\n[OK] Test 2: Feedback visivo completo - PASSATO\n\n[TEST] Test 3: Sottotitoli e trascrizioni\n  • sottotitoli_audio_log\n  • trascrizione_comandi_vocali\n  • storico_testuale_completo\n  • export_testo_disponibile\n[OK] Test 3: Sottotitoli e trascrizioni - PASSATO\n\n[OK] TEST INPUT MANUALE E FEEDBACK VISIVO COMPLETATO!\n\n[TEST] SCREEN READER E MARKUP ARIA\n============================================================\n\n[TEST] Test 1: Markup ARIA corretto\n  • aria-label\n  • aria-describedby\n  • aria-labelledby\n  • aria-expanded\n  • aria-selected\n  • aria-hidden\n  • aria-live\n  • aria-atomic\n[OK] Test 1: Markup ARIA corretto - PASSATO\n\n[TEST] Test 2: Struttura semantica\n  • main\n  • nav\n  • section\n  • article\n  • aside\n  • header\n  • footer\n  • button\n  • form\n  • input\n[OK] Test 2: Struttura semantica - PASSATO\n\n[TEST] Test 3: Navigazione da tastiera\n  [OK] tab_order_logico: supportato\n  [OK] focus_visible: supportato\n  [OK] shortcut_tastiera: supportato\n  [OK] escape_commands: supportato\n  [OK] enter_confirmation: supportato\n[OK] Test 3: Navigazione da tastiera - PASSATO\n\n[OK] TEST SCREEN READER E MARKUP ARIA COMPLETATO!\n\n[TEST] RIDUZIONE MOVIMENTI PER UTENTI CON EPILESSIA\n============================================================\n\n[TEST] Test 1: Controlli animazioni\n  [OK] reduce_motion_setting: disponibile\n  [OK] disable_animations: disponibile\n  [OK] slow_animations: disponibile\n  [OK] static_alternatives: disponibile\n[OK] Test 1: Controlli animazioni - PASSATO\n\n[TEST] Test 2: Alternative statiche\n  • icone_statiche\n  • indicatori_testuali\n  • colori_semantici\n  • layout_stabile\n[OK] Test 2: Alternative statiche - PASSATO\n\n[TEST] Test 3: Preferenze utente\n  • motion_preference: reduce\n  • animation_duration: 0s\n  • transition_effects: none\n  • visual_feedback: static\n[OK] Test 3: Preferenze utente - PASSATO\n\n[OK] TEST RIDUZIONE MOVIMENTI COMPLETATO!\n\n[TEST] ACCESSO VOCALE PROTETTO PER UTENTI COGNITIVAMENTE FRAGILI\n============================================================\n\n[TEST] Test 1: Comandi semplificati\n  • aiuto\n  • ripeti\n  • indietro\n  • avanti\n  • conferma\n  • annulla\n[OK] Test 1: Comandi semplificati - PASSATO\n\n[TEST] Test 2: Conferme multiple\n  [OK] conferma_azione_importante: disponibile\n  [OK] ripetizione_comando: disponibile\n  [OK] timeout_conferma: disponibile\n  [OK] annullamento_facile: disponibile\n[OK] Test 2: Conferme multiple - PASSATO\n\n[TEST] Test 3: Assistenza contestuale\n  • suggerimenti_tempo_reale\n  • esempi_comandi\n  • guida_step_by_step\n  • supporto_emergenza\n[OK] Test 3: Assistenza contestuale - PASSATO\n\n[TEST] Test 4: Protezione errori\n  [OK] prevenzione_azioni_pericolose: disponibile\n  [OK] recupero_automatico: disponibile\n  [OK] log_azioni_complete: disponibile\n  [OK] rollback_sicuro: disponibile\n[OK] Test 4: Protezione errori - PASSATO\n\n[OK] TEST ACCESSO VOCALE PROTETTO COMPLETATO!\n\n[OK] TUTTI I TEST DI ACCESSIBILITÀ PASSATI!\n\n[SUMMARY] RIEPILOGO ACCESSIBILITÀ:\n- Interfaccia vocale con fallback per utenti ciechi\n- Input manuale e feedback visivo per utenti sordi\n- Screen reader e markup ARIA implementati\n- Riduzione movimenti per utenti con epilessia\n- Accesso vocale protetto per utenti cognitivamente fragili\n"
    },
    "house_area": {
      "passed": true,
      "output": "[TEST] TEST IMPLEMENTATIVI FINALI - GESTIONE CASE E AREE\n================================================================================\n\n[TEST] CRUD AREE (NODI AMBIENTALI)\n==================================================\n\n[TEST] Test 1: Creazione area\nDati area di test:\n  • name: Cucina\n  • category: residential\n  • has_physical_tag: True\n  • house_id: 1\n[OK] Test 1: Creazione area - PASSATO\n\n[TEST] Test 2: Lettura area\n[OK] Test 2: Lettura area - PASSATO\n\n[TEST] Test 3: Aggiornamento area\n[OK] Test 3: Aggiornamento area - PASSATO\n\n[TEST] Test 4: Eliminazione area\n[OK] Test 4: Eliminazione area - PASSATO\n\n[OK] TEST CRUD AREE COMPLETATO!\n\n[ERROR] ERRORE NEI TEST GESTIONE CASE E AREE: 'charmap' codec can't encode character '\\u2192' in position 27: character maps to <undefined>\n"
    },
    "nodes_iot": {
      "passed": false,
      "output": "Traceback (most recent call last):\n  File \"C:\\Users\\flavi\\Eterna-Home\\tests\\routers\\test_nodes_iot.py\", line 451, in <module>\n    test_nfc_ble_activator_association()\n    ~~~~~~~~~~~~~~~~~~~~~~~~~~~~~~~~~~^^\n  File \"C:\\Users\\flavi\\Eterna-Home\\tests\\routers\\test_nodes_iot.py\", line 15, in test_nfc_ble_activator_association\n    print(\"\\n\\U0001f9ea TEST ASSOCIAZIONE ATTIVATORI NFC/BLE \\u2192 NODO\")\n    ~~~~~^^^^^^^^^^^^^^^^^^^^^^^^^^^^^^^^^^^^^^^^^^^^^^^^^^^^\n  File \"C:\\Python313\\Lib\\encodings\\cp1252.py\", line 19, in encode\n    return codecs.charmap_encode(input,self.errors,encoding_table)[0]\n           ~~~~~~~~~~~~~~~~~~~~~^^^^^^^^^^^^^^^^^^^^^^^^^^^^^^^^^^\nUnicodeEncodeError: 'charmap' codec can't encode character '\\U0001f9ea' in position 2: character maps to <undefined>\n\nDuring handling of the above exception, another exception occurred:\n\nTraceback (most recent call last):\n  File \"C:\\Users\\flavi\\Eterna-Home\\tests\\routers\\test_nodes_iot.py\", line 466, in <module>\n    print(f\"\\n\\u274c ERRORE NEI TEST GESTIONE NODI E IOT: {e}\")\n    ~~~~~^^^^^^^^^^^^^^^^^^^^^^^^^^^^^^^^^^^^^^^^^^^^^^^^^^\n  File \"C:\\Python313\\Lib\\encodings\\cp1252.py\", line 19, in encode\n    return codecs.charmap_encode(input,self.errors,encoding_table)[0]\n           ~~~~~~~~~~~~~~~~~~~~~^^^^^^^^^^^^^^^^^^^^^^^^^^^^^^^^^^\nUnicodeEncodeError: 'charmap' codec can't encode character '\\u274c' in position 2: character maps to <undefined>\n"
    },
    "ai_contextual": {
      "passed": false,
      "output": "Traceback (most recent call last):\n  File \"C:\\Users\\flavi\\Eterna-Home\\tests\\ai\\test_voice_ai_contextual.py\", line 505, in <module>\n    test_voice_commands_with_prompt_response()\n    ~~~~~~~~~~~~~~~~~~~~~~~~~~~~~~~~~~~~~~~~^^\n  File \"C:\\Users\\flavi\\Eterna-Home\\tests\\ai\\test_voice_ai_contextual.py\", line 16, in test_voice_commands_with_prompt_response\n    print(\"\\n\\U0001f9ea TEST POST /VOICE/COMMANDS CON PROMPT E RESPONSE\")\n    ~~~~~^^^^^^^^^^^^^^^^^^^^^^^^^^^^^^^^^^^^^^^^^^^^^^^^^^^^^^^^\n  File \"C:\\Python313\\Lib\\encodings\\cp1252.py\", line 19, in encode\n    return codecs.charmap_encode(input,self.errors,encoding_table)[0]\n           ~~~~~~~~~~~~~~~~~~~~~^^^^^^^^^^^^^^^^^^^^^^^^^^^^^^^^^^\nUnicodeEncodeError: 'charmap' codec can't encode character '\\U0001f9ea' in position 2: character maps to <undefined>\n\nDuring handling of the above exception, another exception occurred:\n\nTraceback (most recent call last):\n  File \"C:\\Users\\flavi\\Eterna-Home\\tests\\ai\\test_voice_ai_contextual.py\", line 520, in <module>\n    print(f\"\\n\\u274c ERRORE NEI TEST INTERAZIONI AI CONTESTUALI: {e}\")\n    ~~~~~^^^^^^^^^^^^^^^^^^^^^^^^^^^^^^^^^^^^^^^^^^^^^^^^^^^^^^^^^\n  File \"C:\\Python313\\Lib\\encodings\\cp1252.py\", line 19, in encode\n    return codecs.charmap_encode(input,self.errors,encoding_table)[0]\n           ~~~~~~~~~~~~~~~~~~~~~^^^^^^^^^^^^^^^^^^^^^^^^^^^^^^^^^^\nUnicodeEncodeError: 'charmap' codec can't encode character '\\u274c' in position 2: character maps to <undefined>\n"
    },
    "secure_area": {
      "passed": false,
      "output": "Traceback (most recent call last):\n  File \"C:\\Users\\flavi\\Eterna-Home\\tests\\routers\\test_secure_area.py\", line 520, in <module>\n    test_protected_routes_access()\n    ~~~~~~~~~~~~~~~~~~~~~~~~~~~~^^\n  File \"C:\\Users\\flavi\\Eterna-Home\\tests\\routers\\test_secure_area.py\", line 16, in test_protected_routes_access\n    print(\"\\n\\U0001f9ea TEST ACCESSO A ROUTE PROTETTE DA PERMESSI ELEVATI\")\n    ~~~~~^^^^^^^^^^^^^^^^^^^^^^^^^^^^^^^^^^^^^^^^^^^^^^^^^^^^^^^^^^\n  File \"C:\\Python313\\Lib\\encodings\\cp1252.py\", line 19, in encode\n    return codecs.charmap_encode(input,self.errors,encoding_table)[0]\n           ~~~~~~~~~~~~~~~~~~~~~^^^^^^^^^^^^^^^^^^^^^^^^^^^^^^^^^^\nUnicodeEncodeError: 'charmap' codec can't encode character '\\U0001f9ea' in position 2: character maps to <undefined>\n\nDuring handling of the above exception, another exception occurred:\n\nTraceback (most recent call last):\n  File \"C:\\Users\\flavi\\Eterna-Home\\tests\\routers\\test_secure_area.py\", line 535, in <module>\n    print(f\"\\n\\u274c ERRORE NEI TEST AREE SICURE: {e}\")\n    ~~~~~^^^^^^^^^^^^^^^^^^^^^^^^^^^^^^^^^^^^^^^^^^\n  File \"C:\\Python313\\Lib\\encodings\\cp1252.py\", line 19, in encode\n    return codecs.charmap_encode(input,self.errors,encoding_table)[0]\n           ~~~~~~~~~~~~~~~~~~~~~^^^^^^^^^^^^^^^^^^^^^^^^^^^^^^^^^^\nUnicodeEncodeError: 'charmap' codec can't encode character '\\u274c' in position 2: character maps to <undefined>\n"
    },
    "admin_panel": {
      "passed": false,
      "output": "Traceback (most recent call last):\n  File \"C:\\Users\\flavi\\Eterna-Home\\tests\\ui\\test_admin_panel.py\", line 621, in <module>\n    test_user_management_ui()\n    ~~~~~~~~~~~~~~~~~~~~~~~^^\n  File \"C:\\Users\\flavi\\Eterna-Home\\tests\\ui\\test_admin_panel.py\", line 16, in test_user_management_ui\n    print(\"\\n\\U0001f9ea TEST UI UTENTI \\u2192 MODIFICA RUOLI, MFA\")\n    ~~~~~^^^^^^^^^^^^^^^^^^^^^^^^^^^^^^^^^^^^^^^^^^^^^\n  File \"C:\\Python313\\Lib\\encodings\\cp1252.py\", line 19, in encode\n    return codecs.charmap_encode(input,self.errors,encoding_table)[0]\n           ~~~~~~~~~~~~~~~~~~~~~^^^^^^^^^^^^^^^^^^^^^^^^^^^^^^^^^^\nUnicodeEncodeError: 'charmap' codec can't encode character '\\U0001f9ea' in position 2: character maps to <undefined>\n\nDuring handling of the above exception, another exception occurred:\n\nTraceback (most recent call last):\n  File \"C:\\Users\\flavi\\Eterna-Home\\tests\\ui\\test_admin_panel.py\", line 636, in <module>\n    print(f\"\\n\\u274c ERRORE NEI TEST PANNELLO AMMINISTRATIVO UI: {e}\")\n    ~~~~~^^^^^^^^^^^^^^^^^^^^^^^^^^^^^^^^^^^^^^^^^^^^^^^^^^^^^^^^^\n  File \"C:\\Python313\\Lib\\encodings\\cp1252.py\", line 19, in encode\n    return codecs.charmap_encode(input,self.errors,encoding_table)[0]\n           ~~~~~~~~~~~~~~~~~~~~~^^^^^^^^^^^^^^^^^^^^^^^^^^^^^^^^^^\nUnicodeEncodeError: 'charmap' codec can't encode character '\\u274c' in position 2: character maps to <undefined>\n"
    }
  }
}